0 info it worked if it ends with ok
1 verbose cli [ '/Users/nicktierney/.nvm/v0.10.40/bin/node',
1 verbose cli   '/Users/nicktierney/.nvm/v0.10.40/bin/npm',
1 verbose cli   'publish',
1 verbose cli   './' ]
2 info using npm@1.4.28
3 info using node@v0.10.40
4 verbose publish [ './' ]
5 verbose cache add [ './', null ]
6 verbose cache add name=undefined spec="./" args=["./",null]
7 verbose parsed url { protocol: null,
7 verbose parsed url   slashes: null,
7 verbose parsed url   auth: null,
7 verbose parsed url   host: null,
7 verbose parsed url   port: null,
7 verbose parsed url   hostname: null,
7 verbose parsed url   hash: null,
7 verbose parsed url   search: null,
7 verbose parsed url   query: null,
7 verbose parsed url   pathname: './',
7 verbose parsed url   path: './',
7 verbose parsed url   href: './' }
8 silly lockFile 0ee6c175- ./
9 verbose lock ./ /Users/nicktierney/.npm/0ee6c175-.lock
10 verbose tar pack [ '/Users/nicktierney/.npm/remove-shawn/0.0.1/package.tgz',
10 verbose tar pack   './' ]
11 verbose tarball /Users/nicktierney/.npm/remove-shawn/0.0.1/package.tgz
12 verbose folder ./
13 info prepublish remove-shawn@0.0.1
14 silly lockFile 04cb2bca-tar tar://./
15 verbose lock tar://./ /Users/nicktierney/.npm/04cb2bca-tar.lock
16 silly lockFile 94f099f6-m-remove-shawn-0-0-1-package-tgz tar:///Users/nicktierney/.npm/remove-shawn/0.0.1/package.tgz
17 verbose lock tar:///Users/nicktierney/.npm/remove-shawn/0.0.1/package.tgz /Users/nicktierney/.npm/94f099f6-m-remove-shawn-0-0-1-package-tgz.lock
18 silly lockFile 04cb2bca-tar tar://./
19 silly lockFile 04cb2bca-tar tar://./
20 silly lockFile 94f099f6-m-remove-shawn-0-0-1-package-tgz tar:///Users/nicktierney/.npm/remove-shawn/0.0.1/package.tgz
21 silly lockFile 94f099f6-m-remove-shawn-0-0-1-package-tgz tar:///Users/nicktierney/.npm/remove-shawn/0.0.1/package.tgz
22 silly lockFile 445bebca-y-npm-remove-shawn-0-0-1-package /Users/nicktierney/.npm/remove-shawn/0.0.1/package
23 verbose lock /Users/nicktierney/.npm/remove-shawn/0.0.1/package /Users/nicktierney/.npm/445bebca-y-npm-remove-shawn-0-0-1-package.lock
24 silly lockFile 445bebca-y-npm-remove-shawn-0-0-1-package /Users/nicktierney/.npm/remove-shawn/0.0.1/package
25 silly lockFile 445bebca-y-npm-remove-shawn-0-0-1-package /Users/nicktierney/.npm/remove-shawn/0.0.1/package
26 silly lockFile 0ee6c175- ./
27 silly lockFile 0ee6c175- ./
28 silly publish { name: 'remove-shawn',
28 silly publish   private: false,
28 silly publish   version: '0.0.1',
28 silly publish   description: 'Finds shawn in any array or object and removes him',
28 silly publish   author: { name: 'Nick Tierney' },
28 silly publish   dependencies: { lodash: '~3.10.1' },
28 silly publish   scripts: { test: 'node test/index.js' },
28 silly publish   engines: { node: '>= 0.10.36' },
28 silly publish   readme: 'ERROR: No README data found!',
28 silly publish   readmeFilename: 'readme.md',
28 silly publish   gitHead: '28011a4c06085f5f2756d20dd448bdfe0b8c11a2',
28 silly publish   _id: 'remove-shawn@0.0.1',
28 silly publish   _shasum: 'c2af21b0acd681f415fcef92ad8fde9b2ef9da4f',
28 silly publish   _from: './' }
29 verbose request where is /remove-shawn
30 verbose request registry https://registry.npmjs.org/
31 verbose request id 05e7780c29cb19c9
32 verbose url raw /remove-shawn
33 verbose url resolving [ 'https://registry.npmjs.org/', './remove-shawn' ]
34 verbose url resolved https://registry.npmjs.org/remove-shawn
35 verbose request where is https://registry.npmjs.org/remove-shawn
36 info trying registry request attempt 1 at 15:42:07
37 http PUT https://registry.npmjs.org/remove-shawn
38 http 403 https://registry.npmjs.org/remove-shawn
39 verbose headers { 'content-type': 'application/json',
39 verbose headers   'cache-control': 'max-age=60',
39 verbose headers   'content-length': '95',
39 verbose headers   'accept-ranges': 'bytes',
39 verbose headers   date: 'Tue, 01 Sep 2015 19:42:08 GMT',
39 verbose headers   via: '1.1 varnish',
39 verbose headers   connection: 'keep-alive',
39 verbose headers   'x-served-by': 'cache-dfw1826-DFW',
39 verbose headers   'x-cache': 'MISS',
39 verbose headers   'x-cache-hits': '0',
39 verbose headers   'x-timer': 'S1441136527.971988,VS0,VE287' }
40 error publish Failed PUT 403
41 error Error: "You cannot publish over the previously published version 0.0.1." : remove-shawn
41 error     at RegClient.<anonymous> (/Users/nicktierney/.nvm/v0.10.40/lib/node_modules/npm/node_modules/npm-registry-client/lib/request.js:308:14)
41 error     at Request._callback (/Users/nicktierney/.nvm/v0.10.40/lib/node_modules/npm/node_modules/npm-registry-client/lib/request.js:246:65)
41 error     at Request.self.callback (/Users/nicktierney/.nvm/v0.10.40/lib/node_modules/npm/node_modules/request/request.js:236:22)
41 error     at Request.emit (events.js:98:17)
41 error     at Request.<anonymous> (/Users/nicktierney/.nvm/v0.10.40/lib/node_modules/npm/node_modules/request/request.js:1142:14)
41 error     at Request.emit (events.js:117:20)
41 error     at IncomingMessage.<anonymous> (/Users/nicktierney/.nvm/v0.10.40/lib/node_modules/npm/node_modules/request/request.js:1096:12)
41 error     at IncomingMessage.emit (events.js:117:20)
41 error     at _stream_readable.js:944:16
41 error     at process._tickCallback (node.js:448:13)
42 error If you need help, you may report this *entire* log,
42 error including the npm and node versions, at:
42 error     <http://github.com/npm/npm/issues>
43 error System Darwin 14.1.0
44 error command "/Users/nicktierney/.nvm/v0.10.40/bin/node" "/Users/nicktierney/.nvm/v0.10.40/bin/npm" "publish" "./"
45 error cwd /Users/nicktierney/Documents/Git/RemoveShawn
46 error node -v v0.10.40
47 error npm -v 1.4.28
48 verbose exit [ 1, true ]
